# JRE version: Java(TM) SE Runtime Environment (8.0_74-b02) (build 1.8.0_74-b02)
# Java VM: Java HotSpot(TM) 64-Bit Server VM (25.74-b02 mixed mode windows-amd64 compressed oops)
Heap:
 PSYoungGen      total 81408K, used 15667K [0x00000000eab00000, 0x00000000f1900000, 0x0000000100000000)
  eden space 74240K, 11% used [0x00000000eab00000,0x00000000eb3982b0,0x00000000ef380000)
  from space 7168K, 95% used [0x00000000ef380000,0x00000000efa34a40,0x00000000efa80000)
  to   space 7680K, 0% used [0x00000000f1180000,0x00000000f1180000,0x00000000f1900000)
 ParOldGen       total 54784K, used 20570K [0x00000000c0000000, 0x00000000c3580000, 0x00000000eab00000)
  object space 54784K, 37% used [0x00000000c0000000,0x00000000c1416a50,0x00000000c3580000)
 Metaspace       used 40051K, capacity 40916K, committed 41344K, reserved 1085440K
  class space    used 5451K, capacity 5649K, committed 5760K, reserved 1048576K
GC Heap History (10 events):
Event: 44.176 GC heap before
{Heap before GC invocations=13 (full 1):
 PSYoungGen      total 48640K, used 43711K [0x00000000eab00000, 0x00000000eef00000, 0x0000000100000000)
  eden space 41984K, 100% used [0x00000000eab00000,0x00000000ed400000,0x00000000ed400000)
  from space 6656K, 25% used [0x00000000ed400000,0x00000000ed5affc8,0x00000000eda80000)
  to   space 6656K, 0% used [0x00000000ee880000,0x00000000ee880000,0x00000000eef00000)
 ParOldGen       total 35328K, used 14430K [0x00000000c0000000, 0x00000000c2280000, 0x00000000eab00000)
  object space 35328K, 40% used [0x00000000c0000000,0x00000000c0e17bc8,0x00000000c2280000)
 Metaspace       used 30158K, capacity 30750K, committed 30976K, reserved 1075200K
  class space    used 4095K, capacity 4241K, committed 4352K, reserved 1048576K
Event: 44.244 GC heap after
Heap after GC invocations=13 (full 1):
 PSYoungGen      total 61952K, used 4695K [0x00000000eab00000, 0x00000000eee80000, 0x0000000100000000)
  eden space 55808K, 0% used [0x00000000eab00000,0x00000000eab00000,0x00000000ee180000)
  from space 6144K, 76% used [0x00000000ee880000,0x00000000eed15de0,0x00000000eee80000)
  to   space 6656K, 0% used [0x00000000ee180000,0x00000000ee180000,0x00000000ee800000)
 ParOldGen       total 35328K, used 15306K [0x00000000c0000000, 0x00000000c2280000, 0x00000000eab00000)
  object space 35328K, 43% used [0x00000000c0000000,0x00000000c0ef2bf8,0x00000000c2280000)
 Metaspace       used 30158K, capacity 30750K, committed 30976K, reserved 1075200K
  class space    used 4095K, capacity 4241K, committed 4352K, reserved 1048576K
}
Event: 47.445 GC heap before
{Heap before GC invocations=14 (full 1):
 PSYoungGen      total 61952K, used 60503K [0x00000000eab00000, 0x00000000eee80000, 0x0000000100000000)
  eden space 55808K, 100% used [0x00000000eab00000,0x00000000ee180000,0x00000000ee180000)
  from space 6144K, 76% used [0x00000000ee880000,0x00000000eed15de0,0x00000000eee80000)
  to   space 6656K, 0% used [0x00000000ee180000,0x00000000ee180000,0x00000000ee800000)
 ParOldGen       total 35328K, used 15306K [0x00000000c0000000, 0x00000000c2280000, 0x00000000eab00000)
  object space 35328K, 43% used [0x00000000c0000000,0x00000000c0ef2bf8,0x00000000c2280000)
 Metaspace       used 33132K, capacity 33932K, committed 34176K, reserved 1079296K
  class space    used 4456K, capacity 4701K, committed 4736K, reserved 1048576K
Event: 47.502 GC heap after
Heap after GC invocations=14 (full 1):
 PSYoungGen      total 62464K, used 4561K [0x00000000eab00000, 0x00000000f0100000, 0x0000000100000000)
  eden space 55808K, 0% used [0x00000000eab00000,0x00000000eab00000,0x00000000ee180000)
  from space 6656K, 68% used [0x00000000ee180000,0x00000000ee5f46e0,0x00000000ee800000)
  to   space 6656K, 0% used [0x00000000efa80000,0x00000000efa80000,0x00000000f0100000)
 ParOldGen       total 35328K, used 17387K [0x00000000c0000000, 0x00000000c2280000, 0x00000000eab00000)
  object space 35328K, 49% used [0x00000000c0000000,0x00000000c10fae80,0x00000000c2280000)
 Metaspace       used 33132K, capacity 33932K, committed 34176K, reserved 1079296K
  class space    used 4456K, capacity 4701K, committed 4736K, reserved 1048576K
}
Event: 48.995 GC heap before
{Heap before GC invocations=15 (full 1):
 PSYoungGen      total 62464K, used 41955K [0x00000000eab00000, 0x00000000f0100000, 0x0000000100000000)
  eden space 55808K, 67% used [0x00000000eab00000,0x00000000ecf845f8,0x00000000ee180000)
  from space 6656K, 68% used [0x00000000ee180000,0x00000000ee5f46e0,0x00000000ee800000)
  to   space 6656K, 0% used [0x00000000efa80000,0x00000000efa80000,0x00000000f0100000)
 ParOldGen       total 35328K, used 17387K [0x00000000c0000000, 0x00000000c2280000, 0x00000000eab00000)
  object space 35328K, 49% used [0x00000000c0000000,0x00000000c10fae80,0x00000000c2280000)
 Metaspace       used 34497K, capacity 35210K, committed 35456K, reserved 1079296K
  class space    used 4671K, capacity 4869K, committed 4992K, reserved 1048576K
Event: 49.048 GC heap after
Heap after GC invocations=15 (full 1):
 PSYoungGen      total 80896K, used 5316K [0x00000000eab00000, 0x00000000f0400000, 0x0000000100000000)
  eden space 74240K, 0% used [0x00000000eab00000,0x00000000eab00000,0x00000000ef380000)
  from space 6656K, 79% used [0x00000000efa80000,0x00000000effb10a8,0x00000000f0100000)
  to   space 7168K, 0% used [0x00000000ef380000,0x00000000ef380000,0x00000000efa80000)
 ParOldGen       total 35328K, used 19971K [0x00000000c0000000, 0x00000000c2280000, 0x00000000eab00000)
  object space 35328K, 56% used [0x00000000c0000000,0x00000000c1380c00,0x00000000c2280000)
 Metaspace       used 34497K, capacity 35210K, committed 35456K, reserved 1079296K
  class space    used 4671K, capacity 4869K, committed 4992K, reserved 1048576K
}
Event: 49.048 GC heap before
{Heap before GC invocations=16 (full 2):
 PSYoungGen      total 80896K, used 5316K [0x00000000eab00000, 0x00000000f0400000, 0x0000000100000000)
  eden space 74240K, 0% used [0x00000000eab00000,0x00000000eab00000,0x00000000ef380000)
  from space 6656K, 79% used [0x00000000efa80000,0x00000000effb10a8,0x00000000f0100000)
  to   space 7168K, 0% used [0x00000000ef380000,0x00000000ef380000,0x00000000efa80000)
 ParOldGen       total 35328K, used 19971K [0x00000000c0000000, 0x00000000c2280000, 0x00000000eab00000)
  object space 35328K, 56% used [0x00000000c0000000,0x00000000c1380c00,0x00000000c2280000)
 Metaspace       used 34497K, capacity 35210K, committed 35456K, reserved 1079296K
  class space    used 4671K, capacity 4869K, committed 4992K, reserved 1048576K
Event: 49.501 GC heap after
Heap after GC invocations=16 (full 2):
 PSYoungGen      total 80896K, used 0K [0x00000000eab00000, 0x00000000f0400000, 0x0000000100000000)
  eden space 74240K, 0% used [0x00000000eab00000,0x00000000eab00000,0x00000000ef380000)
  from space 6656K, 0% used [0x00000000efa80000,0x00000000efa80000,0x00000000f0100000)
  to   space 7168K, 0% used [0x00000000ef380000,0x00000000ef380000,0x00000000efa80000)
 ParOldGen       total 54784K, used 20562K [0x00000000c0000000, 0x00000000c3580000, 0x00000000eab00000)
  object space 54784K, 37% used [0x00000000c0000000,0x00000000c1414a50,0x00000000c3580000)
 Metaspace       used 34497K, capacity 35210K, committed 35456K, reserved 1079296K
  class space    used 4671K, capacity 4869K, committed 4992K, reserved 1048576K
}
Event: 62.209 GC heap before
{Heap before GC invocations=17 (full 2):
 PSYoungGen      total 80896K, used 74240K [0x00000000eab00000, 0x00000000f0400000, 0x0000000100000000)
  eden space 74240K, 100% used [0x00000000eab00000,0x00000000ef380000,0x00000000ef380000)
  from space 6656K, 0% used [0x00000000efa80000,0x00000000efa80000,0x00000000f0100000)
  to   space 7168K, 0% used [0x00000000ef380000,0x00000000ef380000,0x00000000efa80000)
 ParOldGen       total 54784K, used 20562K [0x00000000c0000000, 0x00000000c3580000, 0x00000000eab00000)
  object space 54784K, 37% used [0x00000000c0000000,0x00000000c1414a50,0x00000000c3580000)
 Metaspace       used 39886K, capacity 40758K, committed 41088K, reserved 1085440K
  class space    used 5416K, capacity 5640K, committed 5760K, reserved 1048576K
Event: 62.313 GC heap after
Heap after GC invocations=17 (full 2):
 PSYoungGen      total 81408K, used 6866K [0x00000000eab00000, 0x00000000f1900000, 0x0000000100000000)
  eden space 74240K, 0% used [0x00000000eab00000,0x00000000eab00000,0x00000000ef380000)
  from space 7168K, 95% used [0x00000000ef380000,0x00000000efa34a40,0x00000000efa80000)
  to   space 7680K, 0% used [0x00000000f1180000,0x00000000f1180000,0x00000000f1900000)
 ParOldGen       total 54784K, used 20570K [0x00000000c0000000, 0x00000000c3580000, 0x00000000eab00000)
  object space 54784K, 37% used [0x00000000c0000000,0x00000000c1416a50,0x00000000c3580000)
 Metaspace       used 39886K, capacity 40758K, committed 41088K, reserved 1085440K
  class space    used 5416K, capacity 5640K, committed 5760K, reserved 1048576K
}

